<?xml version="1.0" encoding="UTF-8"?>
<!-- Generated by org.testng.reporters.JUnitXMLReporter -->
<testsuite hostname="IN2196867W4" ignored="0" name="Test" tests="4" failures="0" timestamp="2020-05-17T11:44:27 IST" time="62.133" errors="0">
  <testcase name="loadtheurl" time="5.061" classname="facebookreleated.FacebookLauch"/>
  <testcase name="dataread" time="27.133" classname="facebookreleated.FaceBooklogin"/>
  <testcase name="dataread" time="13.721" classname="facebookreleated.FaceBooklogin"/>
  <testcase name="dataread" time="12.801" classname="facebookreleated.FaceBooklogin"/>
</testsuite> <!-- Test -->
